<?xml version="1.0" encoding="UTF-8"?>
<testng-results ignored="0" total="1" passed="1" failed="0" skipped="0">
  <reporter-output>
  </reporter-output>
  <suite started-at="2019-08-30T18:19:13Z" name="Default suite" finished-at="2019-08-30T18:19:28Z" duration-ms="15029">
    <groups>
    </groups>
    <test started-at="2019-08-30T18:19:13Z" name="Default test" finished-at="2019-08-30T18:19:28Z" duration-ms="15029">
      <class name="zavrsnitest.Test5th">
        <test-method is-config="true" signature="systemset()[pri:0, instance:zavrsnitest.Test5th@6156496]" started-at="2019-08-30T18:19:13Z" name="systemset" finished-at="2019-08-30T18:19:18Z" duration-ms="4623" status="PASS">
          <reporter-output>
          </reporter-output>
        </test-method> <!-- systemset -->
        <test-method signature="ArchiveTest()[pri:0, instance:zavrsnitest.Test5th@6156496]" started-at="2019-08-30T18:19:18Z" name="ArchiveTest" finished-at="2019-08-30T18:19:28Z" duration-ms="10363" status="PASS">
          <reporter-output>
          </reporter-output>
        </test-method> <!-- ArchiveTest -->
      </class> <!-- zavrsnitest.Test5th -->
    </test> <!-- Default test -->
  </suite> <!-- Default suite -->
</testng-results>
